TN:
SF:src/app.js
FN:1,Object.<anonymous>
FN:3,_interopRequireDefault
FNF:2
FNH:2
FNDA:1,Object.<anonymous>
FNDA:2,_interopRequireDefault
DA:1,1
DA:2,1
DA:3,1
DA:4,2
DA:5,2
DA:6,2
DA:7,2
DA:8,1
DA:9,1
DA:10,1
DA:11,1
DA:12,1
DA:13,1
DA:14,1
DA:15,1
DA:16,1
DA:17,1
DA:18,1
DA:19,1
DA:20,1
DA:21,1
LF:21
LH:21
BRDA:1,0,0,1
BRDA:1,1,0,1
BRDA:3,2,0,2
BRDA:7,3,0,1
BRDA:7,4,0,1
BRF:5
BRH:5
end_of_record
TN:
SF:src/server.js
FN:1,(empty-report)
FNF:1
FNH:0
FNDA:0,(empty-report)
DA:1,0
DA:2,0
DA:3,0
DA:4,0
DA:5,0
LF:5
LH:0
BRDA:1,0,0,0
BRF:1
BRH:0
end_of_record
TN:
SF:src/Base/Base.js
FN:1,Object.<anonymous>
FN:7,Base
FN:8,create
FN:13,findOne
FN:19,findAll
FN:23,findWhere
FN:28,update
FN:33,destroy
FNF:8
FNH:8
FNDA:1,Object.<anonymous>
FNDA:2,Base
FNDA:8,create
FNDA:9,findOne
FNDA:2,findAll
FNDA:1,findWhere
FNDA:2,update
FNDA:5,destroy
DA:1,1
DA:2,1
DA:3,1
DA:4,1
DA:5,1
DA:6,1
DA:7,1
DA:8,1
DA:9,8
DA:10,8
DA:11,8
DA:12,8
DA:13,1
DA:14,9
DA:15,9
DA:16,9
DA:17,9
DA:18,1
DA:19,1
DA:20,2
DA:21,2
DA:22,2
DA:23,1
DA:24,1
DA:25,1
DA:26,1
DA:27,1
DA:28,1
DA:29,2
DA:30,2
DA:31,2
DA:32,2
DA:33,1
DA:34,5
DA:35,5
DA:36,5
DA:37,5
DA:38,5
LF:38
LH:38
BRDA:1,0,0,1
BRDA:1,1,0,1
BRDA:7,2,0,2
BRDA:8,3,0,8
BRDA:13,4,0,2
BRDA:13,5,0,0
BRDA:13,6,0,9
BRDA:18,7,0,0
BRDA:19,8,0,2
BRDA:23,9,0,0
BRDA:23,10,0,1
BRDA:28,11,0,0
BRDA:28,12,0,2
BRDA:33,13,0,0
BRDA:33,14,0,5
BRF:15
BRH:10
end_of_record
TN:
SF:src/Base/PropertyBase.js
FN:1,Object.<anonymous>
FN:2,_interopRequireDefault
FN:23,PropertyBase
FN:27,create
FN:32,listAll
FN:35,findOne
FN:41,destroy
FN:42,update
FNF:8
FNH:7
FNDA:1,Object.<anonymous>
FNDA:3,_interopRequireDefault
FNDA:1,PropertyBase
FNDA:5,create
FNDA:0,listAll
FNDA:4,findOne
FNDA:2,destroy
FNDA:1,update
DA:1,1
DA:2,1
DA:3,3
DA:4,3
DA:5,1
DA:6,1
DA:7,1
DA:8,1
DA:9,1
DA:10,1
DA:11,1
DA:12,1
DA:13,1
DA:14,1
DA:15,1
DA:16,1
DA:17,1
DA:18,1
DA:19,1
DA:20,1
DA:21,1
DA:22,1
DA:23,1
DA:24,1
DA:25,1
DA:26,1
DA:27,1
DA:28,5
DA:29,5
DA:30,1
DA:31,1
DA:32,0
DA:33,0
DA:34,0
DA:35,1
DA:36,4
DA:37,4
DA:38,4
DA:39,1
DA:40,1
DA:41,1
DA:42,1
DA:43,1
DA:44,1
DA:45,1
DA:46,1
DA:47,1
DA:48,1
DA:49,1
DA:50,1
DA:51,1
DA:52,1
DA:53,1
DA:54,1
DA:55,1
DA:56,1
DA:57,1
DA:58,1
DA:59,1
DA:60,1
DA:61,1
DA:62,1
DA:63,1
DA:64,1
LF:64
LH:61
BRDA:1,0,0,1
BRDA:1,1,0,1
BRDA:2,2,0,3
BRDA:5,3,0,2
BRDA:5,4,0,1
BRDA:23,5,0,1
BRDA:27,6,0,5
BRDA:28,7,0,1
BRDA:29,8,0,0
BRDA:35,9,0,4
BRDA:39,10,0,0
BRDA:41,11,0,2
BRDA:42,12,0,0
BRDA:42,13,0,1
BRDA:44,14,0,0
BRDA:53,15,0,0
BRDA:53,16,0,0
BRF:17
BRH:11
end_of_record
TN:
SF:src/Base/RealEstateBase.js
FN:1,Object.<anonymous>
FN:2,_interopRequireDefault
FN:18,RealEstateBase
FN:22,create
FN:27,findOne
FN:32,listAll
FN:35,destroy
FN:40,update
FNF:8
FNH:8
FNDA:1,Object.<anonymous>
FNDA:2,_interopRequireDefault
FNDA:1,RealEstateBase
FNDA:3,create
FNDA:5,findOne
FNDA:1,listAll
FNDA:3,destroy
FNDA:1,update
DA:1,1
DA:2,1
DA:3,2
DA:4,1
DA:5,1
DA:6,1
DA:7,1
DA:8,1
DA:9,1
DA:10,1
DA:11,1
DA:12,1
DA:13,1
DA:14,1
DA:15,1
DA:16,1
DA:17,1
DA:18,1
DA:19,1
DA:20,1
DA:21,1
DA:22,1
DA:23,3
DA:24,3
DA:25,3
DA:26,3
DA:27,1
DA:28,5
DA:29,5
DA:30,5
DA:31,5
DA:32,1
DA:33,1
DA:34,1
DA:35,1
DA:36,3
DA:37,3
DA:38,3
DA:39,3
DA:40,1
LF:40
LH:40
BRDA:1,0,0,1
BRDA:1,1,0,1
BRDA:2,2,0,2
BRDA:4,3,0,0
BRDA:18,4,0,1
BRDA:22,5,0,3
BRDA:26,6,0,1
BRDA:27,7,0,0
BRDA:27,8,0,5
BRDA:32,9,0,0
BRDA:32,10,0,1
BRDA:35,11,0,0
BRDA:35,12,0,3
BRDA:40,13,0,2
BRDA:40,14,0,0
BRDA:40,15,0,1
BRF:16
BRH:11
end_of_record
TN:
SF:src/controllers/PropertyController.js
FN:1,Object.<anonymous>
FN:2,_interopRequireDefault
FN:17,create
FN:38,index
FN:59,getProperty
FN:75,removeProperty
FN:91,updateProperty
FNF:7
FNH:7
FNDA:1,Object.<anonymous>
FNDA:2,_interopRequireDefault
FNDA:6,create
FNDA:2,index
FNDA:2,getProperty
FNDA:2,removeProperty
FNDA:3,updateProperty
DA:1,1
DA:2,1
DA:3,2
DA:4,2
DA:5,2
DA:6,1
DA:7,1
DA:8,1
DA:9,1
DA:10,1
DA:11,1
DA:12,1
DA:13,1
DA:14,1
DA:15,1
DA:16,1
DA:17,1
DA:18,6
DA:19,6
DA:20,6
DA:21,6
DA:22,6
DA:23,6
DA:24,6
DA:25,6
DA:26,1
DA:27,1
DA:28,1
DA:29,1
DA:30,6
DA:31,5
DA:32,5
DA:33,5
DA:34,6
DA:35,4
DA:36,4
DA:37,4
DA:38,1
DA:39,2
DA:40,2
DA:41,2
DA:42,2
DA:43,2
DA:44,1
DA:45,1
DA:46,1
DA:47,1
DA:48,1
DA:49,1
DA:50,1
DA:51,1
DA:52,1
DA:53,2
DA:54,0
DA:55,0
DA:56,0
DA:57,0
DA:58,0
DA:59,1
DA:60,2
DA:61,2
DA:62,2
DA:63,2
DA:64,2
DA:65,2
DA:66,2
DA:67,2
DA:68,1
DA:69,2
DA:70,0
DA:71,0
DA:72,0
DA:73,0
DA:74,0
DA:75,1
DA:76,2
DA:77,2
DA:78,2
DA:79,2
DA:80,2
DA:81,2
DA:82,1
DA:83,1
DA:84,1
DA:85,1
DA:86,2
DA:87,0
DA:88,0
DA:89,0
DA:90,1
DA:91,3
DA:92,3
DA:93,3
DA:94,3
DA:95,3
DA:96,3
DA:97,1
DA:98,1
DA:99,1
DA:100,1
DA:101,3
LF:101
LH:88
BRDA:1,0,0,1
BRDA:1,1,0,1
BRDA:2,2,0,2
BRDA:6,3,0,0
BRDA:17,4,0,6
BRDA:25,5,0,1
BRDA:25,6,0,1
BRDA:30,7,0,5
BRDA:34,8,0,1
BRDA:34,9,0,0
BRDA:34,10,0,4
BRDA:38,11,0,1
BRDA:38,12,0,0
BRDA:38,13,0,2
BRDA:43,14,0,1
BRDA:53,15,0,0
BRDA:59,16,0,2
BRDA:67,17,0,1
BRDA:69,18,0,0
BRDA:75,19,0,2
BRDA:81,20,0,1
BRDA:86,21,0,0
BRDA:91,22,0,3
BRDA:96,23,0,1
BRDA:101,24,0,2
BRF:25
BRH:19
end_of_record
TN:
SF:src/controllers/RealEstateController.js
FN:1,Object.<anonymous>
FN:2,_interopRequireDefault
FN:23,create
FN:44,index
FN:56,getRealEstate
FN:68,removeRealEstate
FN:89,updateRealEstate
FNF:7
FNH:7
FNDA:1,Object.<anonymous>
FNDA:3,_interopRequireDefault
FNDA:4,create
FNDA:1,index
FNDA:2,getRealEstate
FNDA:3,removeRealEstate
FNDA:3,updateRealEstate
DA:1,1
DA:2,1
DA:3,3
DA:4,0
DA:5,1
DA:6,1
DA:7,1
DA:8,1
DA:9,1
DA:10,1
DA:11,1
DA:12,1
DA:13,1
DA:14,1
DA:15,1
DA:16,1
DA:17,1
DA:18,1
DA:19,1
DA:20,1
DA:21,1
DA:22,1
DA:23,1
DA:24,4
DA:25,4
DA:26,3
DA:27,3
DA:28,3
DA:29,3
DA:30,3
DA:31,3
DA:32,3
DA:33,3
DA:34,3
DA:35,4
DA:36,4
DA:37,2
DA:38,2
DA:39,2
DA:40,2
DA:41,2
DA:42,2
DA:43,2
DA:44,1
DA:45,1
DA:46,1
DA:47,1
DA:48,1
DA:49,0
DA:50,0
DA:51,0
DA:52,0
DA:53,0
DA:54,0
DA:55,0
DA:56,1
DA:57,2
DA:58,2
DA:59,2
DA:60,2
DA:61,2
DA:62,2
DA:63,1
DA:64,2
DA:65,0
DA:66,0
DA:67,0
DA:68,1
DA:69,3
DA:70,3
DA:71,3
DA:72,3
DA:73,3
DA:74,3
DA:75,3
DA:76,3
DA:77,3
DA:78,1
DA:79,1
DA:80,1
DA:81,1
DA:82,1
DA:83,1
DA:84,3
DA:85,1
DA:86,1
DA:87,1
DA:88,1
DA:89,1
DA:90,3
DA:91,3
DA:92,3
DA:93,3
DA:94,3
DA:95,3
DA:96,3
DA:97,3
DA:98,3
LF:98
LH:87
BRDA:1,0,0,1
BRDA:1,1,0,1
BRDA:2,2,0,3
BRDA:3,3,0,0
BRDA:23,4,0,4
BRDA:25,5,0,3
BRDA:31,6,0,1
BRDA:35,7,0,1
BRDA:36,8,0,0
BRDA:36,9,0,2
BRDA:44,10,0,0
BRDA:44,11,0,0
BRDA:44,12,0,1
BRDA:48,13,0,0
BRDA:56,14,0,2
BRDA:62,15,0,1
BRDA:64,16,0,0
BRDA:68,17,0,3
BRDA:77,18,0,2
BRDA:77,19,0,1
BRDA:84,20,0,0
BRDA:84,21,0,1
BRDA:87,22,0,0
BRDA:89,23,0,0
BRDA:89,24,0,3
BRDA:98,25,0,1
BRF:26
BRH:17
end_of_record
TN:
SF:src/models/Property.js
FN:1,Object.<anonymous>
FN:3,_interopRequireDefault
FN:15,init
FNF:3
FNH:3
FNDA:1,Object.<anonymous>
FNDA:1,_interopRequireDefault
FNDA:1,init
DA:1,1
DA:2,1
DA:3,1
DA:4,1
DA:5,1
DA:6,1
DA:7,1
DA:8,1
DA:9,1
DA:10,1
DA:11,1
DA:12,1
DA:13,1
DA:14,1
DA:15,1
DA:16,1
DA:17,1
DA:18,1
DA:19,1
DA:20,1
DA:21,1
DA:22,1
DA:23,1
DA:24,1
DA:25,1
DA:26,1
DA:27,1
DA:28,1
DA:29,1
DA:30,1
DA:31,1
DA:32,1
DA:33,1
DA:34,1
DA:35,1
DA:36,1
DA:37,1
DA:38,1
DA:39,1
DA:40,1
DA:41,1
DA:42,1
DA:43,1
DA:44,1
LF:44
LH:44
BRDA:1,0,0,1
BRDA:1,1,0,1
BRDA:3,2,0,1
BRDA:4,3,0,0
BRDA:15,4,0,1
BRF:5
BRH:4
end_of_record
TN:
SF:src/models/RealEstate.js
FN:1,Object.<anonymous>
FN:3,_interopRequireDefault
FN:15,init
FNF:3
FNH:3
FNDA:1,Object.<anonymous>
FNDA:1,_interopRequireDefault
FNDA:1,init
DA:1,1
DA:2,1
DA:3,1
DA:4,1
DA:5,1
DA:6,1
DA:7,1
DA:8,1
DA:9,1
DA:10,1
DA:11,1
DA:12,1
DA:13,1
DA:14,1
DA:15,1
DA:16,1
DA:17,1
DA:18,1
DA:19,1
DA:20,1
DA:21,1
DA:22,1
DA:23,1
DA:24,1
DA:25,1
DA:26,1
DA:27,1
DA:28,1
DA:29,1
DA:30,1
DA:31,1
DA:32,1
DA:33,1
LF:33
LH:33
BRDA:1,0,0,1
BRDA:1,1,0,1
BRDA:3,2,0,1
BRDA:4,3,0,0
BRDA:15,4,0,1
BRF:5
BRH:4
end_of_record
TN:
SF:src/routes/PropertyRoutes.js
FN:1,Object.<anonymous>
FN:2,_interopRequireDefault
FNF:2
FNH:2
FNDA:1,Object.<anonymous>
FNDA:2,_interopRequireDefault
DA:1,1
DA:2,1
DA:3,2
DA:4,2
DA:5,2
DA:6,1
DA:7,1
DA:8,1
DA:9,1
DA:10,1
DA:11,1
DA:12,1
DA:13,1
DA:14,1
DA:15,1
DA:16,1
DA:17,1
DA:18,1
DA:19,1
DA:20,1
DA:21,1
DA:22,1
DA:23,1
DA:24,1
DA:25,1
DA:26,1
DA:27,1
DA:28,1
DA:29,1
DA:30,1
DA:31,1
DA:32,1
LF:32
LH:32
BRDA:1,0,0,1
BRDA:1,1,0,1
BRDA:2,2,0,2
BRDA:6,3,0,1
BRDA:6,4,0,1
BRF:5
BRH:5
end_of_record
TN:
SF:src/routes/RealEstateRoutes.js
FN:1,Object.<anonymous>
FN:2,_interopRequireDefault
FNF:2
FNH:2
FNDA:1,Object.<anonymous>
FNDA:2,_interopRequireDefault
DA:1,1
DA:2,1
DA:3,2
DA:4,2
DA:5,2
DA:6,1
DA:7,1
DA:8,1
DA:9,1
DA:10,1
DA:11,1
DA:12,1
DA:13,1
DA:14,1
DA:15,1
DA:16,1
DA:17,1
DA:18,1
DA:19,1
DA:20,1
DA:21,1
DA:22,1
DA:23,1
DA:24,1
DA:25,1
DA:26,1
DA:27,1
DA:28,1
DA:29,1
DA:30,1
DA:31,1
DA:32,1
LF:32
LH:32
BRDA:1,0,0,1
BRDA:1,1,0,1
BRDA:2,2,0,2
BRDA:6,3,0,1
BRDA:6,4,0,1
BRF:5
BRH:5
end_of_record
TN:
SF:src/routes/routes.js
FN:1,Object.<anonymous>
FN:2,_interopRequireDefault
FNF:2
FNH:2
FNDA:1,Object.<anonymous>
FNDA:3,_interopRequireDefault
DA:1,1
DA:2,1
DA:3,3
DA:4,3
DA:5,1
DA:6,1
DA:7,1
DA:8,1
DA:9,1
DA:10,1
DA:11,1
DA:12,1
DA:13,1
LF:13
LH:13
BRDA:1,0,0,1
BRDA:1,1,0,1
BRDA:2,2,0,3
BRDA:5,3,0,0
BRF:4
BRH:3
end_of_record
TN:
SF:src/utils/cnpjValidator.js
FN:1,Object.<anonymous>
FN:5,cnpjValidator
FNF:2
FNH:2
FNDA:1,Object.<anonymous>
FNDA:4,cnpjValidator
DA:1,1
DA:2,1
DA:3,1
DA:4,1
DA:5,1
DA:6,4
DA:7,4
DA:8,4
LF:8
LH:8
BRDA:1,0,0,1
BRDA:1,1,0,1
BRDA:5,2,0,4
BRF:3
BRH:3
end_of_record
TN:
SF:src/utils/endpoints.js
FN:1,Object.<anonymous>
FN:3,endpoints
FNF:2
FNH:2
FNDA:1,Object.<anonymous>
FNDA:1,endpoints
DA:1,1
DA:2,1
DA:3,1
DA:4,1
DA:5,1
DA:6,1
DA:7,1
DA:8,1
DA:9,1
DA:10,1
DA:11,1
DA:12,1
DA:13,1
DA:14,1
DA:15,1
DA:16,1
DA:17,1
DA:18,1
DA:19,1
DA:20,1
DA:21,1
DA:22,1
DA:23,1
DA:24,1
DA:25,1
DA:26,1
DA:27,1
DA:28,1
DA:29,1
DA:30,1
DA:31,1
DA:32,1
DA:33,1
DA:34,1
DA:35,1
DA:36,1
DA:37,1
DA:38,1
DA:39,1
DA:40,1
DA:41,1
DA:42,1
DA:43,1
DA:44,1
DA:45,1
DA:46,1
DA:47,1
DA:48,1
DA:49,1
DA:50,1
DA:51,1
DA:52,1
DA:53,1
DA:54,1
DA:55,1
DA:56,1
DA:57,1
DA:58,1
DA:59,1
DA:60,1
DA:61,1
DA:62,1
DA:63,1
DA:64,1
DA:65,1
DA:66,1
DA:67,1
DA:68,1
DA:69,1
DA:70,1
DA:71,1
DA:72,1
DA:73,1
DA:74,1
DA:75,1
DA:76,1
DA:77,1
DA:78,1
DA:79,1
DA:80,1
DA:81,1
DA:82,1
DA:83,1
DA:84,1
DA:85,1
DA:86,1
DA:87,1
DA:88,1
DA:89,1
DA:90,1
DA:91,1
DA:92,1
DA:93,1
DA:94,1
DA:95,1
DA:96,1
DA:97,1
DA:98,1
DA:99,1
DA:100,1
DA:101,1
DA:102,1
DA:103,1
DA:104,1
LF:104
LH:104
BRDA:1,0,0,1
BRDA:1,1,0,1
BRDA:3,2,0,1
BRF:3
BRH:3
end_of_record
TN:
SF:src/utils/errorTreatment.js
FN:1,Object.<anonymous>
FN:4,treatError
FNF:2
FNH:2
FNDA:1,Object.<anonymous>
FNDA:7,treatError
DA:1,1
DA:2,1
DA:3,1
DA:4,1
DA:5,7
DA:6,7
DA:7,7
DA:8,7
DA:9,7
DA:10,7
DA:11,2
DA:12,7
DA:13,1
DA:14,1
DA:15,1
DA:16,1
LF:16
LH:16
BRDA:1,0,0,1
BRDA:1,1,0,1
BRDA:4,2,0,7
BRDA:7,3,0,3
BRDA:9,4,0,0
BRDA:10,5,0,2
BRDA:12,6,0,1
BRF:7
BRH:6
end_of_record
